<?xml version="1.0" encoding="UTF-8"?>
<!-- Generated by org.testng.reporters.JUnitXMLReporter -->
<testsuite hostname="Jithins-MBP" name="Default test(failed)" tests="1" failures="1" timestamp="30 May 2016 12:43:25 GMT" time="3.949" errors="0">
  <testcase name="googleAssertFail" time="3.814" classname="google.GoogleTest">
    <failure type="java.lang.AssertionError" message="expected [true] but found [false]">
      <![CDATA[java.lang.AssertionError: expected [true] but found [false]
	at google.GoogleTest.googleAssertFail(GoogleTest.java:45)
... Removed 28 stack frames]]>
    </failure>
  </testcase> <!-- googleAssertFail -->
</testsuite> <!-- Default test(failed) -->
