<?xml version="1.0" encoding="UTF-8"?>
<!-- Generated by org.testng.reporters.JUnitXMLReporter -->
<testsuite hostname="Jithins-MBP" name="Test2" tests="2" failures="1" timestamp="31 May 2016 05:12:08 GMT" time="8.331" errors="0">
  <testcase name="googleAssertFail" time="4.124" classname="google.GoogleTest">
    <failure type="java.lang.AssertionError" message="expected [true] but found [false]">
      <![CDATA[java.lang.AssertionError: expected [true] but found [false]
	at google.GoogleTest.googleAssertFail(GoogleTest.java:45)
... Removed 28 stack frames]]>
    </failure>
  </testcase> <!-- googleAssertFail -->
  <testcase name="googleAssertPass" time="3.898" classname="google.GoogleTest"/>
</testsuite> <!-- Test2 -->
