<?xml version="1.0" encoding="UTF-8"?>
<!-- Generated by org.testng.reporters.JUnitXMLReporter -->
<testsuite hostname="Jithins-MBP" name="Test1(failed)" tests="1" failures="1" timestamp="31 May 2016 10:37:47 GMT" time="4.084" errors="0">
  <testcase name="googleAssertFail" time="3.975" classname="google.GoogleTest">
    <failure type="java.lang.AssertionError" message="expected [true] but found [false]">
      <![CDATA[java.lang.AssertionError: expected [true] but found [false]
	at google.GoogleTest.googleAssertFail(GoogleTest.java:49)
... Removed 28 stack frames]]>
    </failure>
  </testcase> <!-- googleAssertFail -->
</testsuite> <!-- Test1(failed) -->
