<?xml version="1.0" encoding="UTF-8"?>
<testng-results skipped="0" failed="0" total="1" passed="1">
  <reporter-output>
  </reporter-output>
  <suite name="Default suite" duration-ms="6044" started-at="2016-06-01T09:49:49Z" finished-at="2016-06-01T09:49:55Z">
    <groups>
    </groups>
    <test name="Default test" duration-ms="6044" started-at="2016-06-01T09:49:49Z" finished-at="2016-06-01T09:49:55Z">
      <class name="screencapture.SampleProgram">
        <test-method status="PASS" signature="test_screen_capture_function()[pri:0, instance:screencapture.SampleProgram@14acaea5]" name="test_screen_capture_function" duration-ms="6021" started-at="2016-06-01T15:19:49Z" finished-at="2016-06-01T15:19:55Z">
          <reporter-output>
          </reporter-output>
        </test-method> <!-- test_screen_capture_function -->
      </class> <!-- screencapture.SampleProgram -->
    </test> <!-- Default test -->
  </suite> <!-- Default suite -->
</testng-results>
