<?xml version="1.0" encoding="UTF-8"?>
<testng-results skipped="0" failed="0" total="1" passed="1">
  <reporter-output>
  </reporter-output>
  <suite name="Default suite" duration-ms="3681" started-at="2016-05-30T09:49:36Z" finished-at="2016-05-30T09:49:39Z">
    <groups>
    </groups>
    <test name="Default test" duration-ms="3681" started-at="2016-05-30T09:49:36Z" finished-at="2016-05-30T09:49:39Z">
      <class name="google.OpenBrowser">
        <test-method status="PASS" signature="assertgoogle()[pri:0, instance:google.OpenBrowser@29ee9faa]" name="assertgoogle" duration-ms="3666" started-at="2016-05-30T15:19:36Z" finished-at="2016-05-30T15:19:39Z">
          <reporter-output>
          </reporter-output>
        </test-method> <!-- assertgoogle -->
      </class> <!-- google.OpenBrowser -->
    </test> <!-- Default test -->
  </suite> <!-- Default suite -->
</testng-results>
